00000000000i[     ] Bochs x86 Emulator 2.6.2
00000000000i[     ]   Built from SVN snapshot on May 26, 2013
00000000000i[     ] Compiled on Sep 12 2023 at 22:22:36
00000000000i[     ] System configuration
00000000000i[     ]   processors: 1 (cores=1, HT threads=1)
00000000000i[     ]   A20 line support: yes
00000000000i[     ] IPS is set to 4000000
00000000000i[     ] CPU configuration
00000000000i[     ]   SMP support: no
00000000000i[     ]   level: 6
00000000000i[     ]   APIC support: xapic
00000000000i[     ]   FPU support: yes
00000000000i[     ]   MMX support: yes
00000000000i[     ]   3dnow! support: no
00000000000i[     ]   SEP support: yes
00000000000i[     ]   SSE support: sse2
00000000000i[     ]   XSAVE support: no 
00000000000i[     ]   AES support: no
00000000000i[     ]   MOVBE support: no
00000000000i[     ]   ADX support: no
00000000000i[     ]   x86-64 support: no
00000000000i[     ]   MWAIT support: yes
00000000000i[     ] Optimization configuration
00000000000i[     ]   RepeatSpeedups support: no
00000000000i[     ]   Fast function calls: no
00000000000i[     ]   Handlers Chaining speedups: no
00000000000i[     ] Devices configuration
00000000000i[     ]   NE2000 support: no
00000000000i[     ]   PCI support: yes, enabled=yes
00000000000i[     ]   SB16 support: no
00000000000i[     ]   USB support: no
00000000000i[     ]   VGA extension support: vbe
00000000000i[MEM0 ] allocated memory at 0x7bd10da00010. after alignment, vector=0x7bd10da01000
00000000000i[MEM0 ] 512.00MB
00000000000i[MEM0 ] mem block size = 0x00100000, blocks=512
00000000000i[MEM0 ] rom at 0xfffe0000/131072 ('/home/username/bochs-gdb/share/bochs/BIOS-bochs-latest')
00000000000i[     ] init_dev of 'pci' plugin device by virtual method
00000000000i[DEV  ] i440FX PMC present at device 0, function 0
00000000000i[     ] init_dev of 'pci2isa' plugin device by virtual method
00000000000i[DEV  ] PIIX3 PCI-to-ISA bridge present at device 1, function 0
00000000000i[     ] init_dev of 'cmos' plugin device by virtual method
00000000000i[CMOS ] Using local time for initial clock
00000000000i[CMOS ] Setting initial clock to: Thu Jan 25 22:41:36 2024 (time0=1706193696)
00000000000i[     ] init_dev of 'dma' plugin device by virtual method
00000000000i[DMA  ] channel 4 used by cascade
00000000000i[     ] init_dev of 'pic' plugin device by virtual method
00000000000i[     ] init_dev of 'pit' plugin device by virtual method
00000000000i[     ] init_dev of 'floppy' plugin device by virtual method
00000000000i[DMA  ] channel 2 used by Floppy Drive
00000000000i[     ] init_dev of 'vga' plugin device by virtual method
00000000000i[MEM0 ] Register memory access handlers: 0x0000000a0000 - 0x0000000bffff
00000000000i[VGA  ] interval=200000
00000000000i[MEM0 ] Register memory access handlers: 0x0000e0000000 - 0x0000e0ffffff
00000000000i[BXVGA] VBE Bochs Display Extension Enabled
00000000000i[XGUI ] test_alloc_colors: 16 colors available out of 16 colors tried
00000000000i[XGUI ] font 8 wide x 16 high, display depth = 24
00000000000i[KMAP ] Loading keymap from '/home/username/bochs-gdb/share/bochs/keymaps/x11-pc-us.map'
00000000000i[KMAP ] Loaded 168 symbols
00000000000i[MEM0 ] rom at 0xc0000/41472 ('/home/username/bochs-gdb/share/bochs/VGABIOS-lgpl-latest')
00000000000i[     ] init_dev of 'acpi' plugin device by virtual method
00000000000i[DEV  ] ACPI Controller present at device 1, function 3
00000000000i[     ] init_dev of 'ioapic' plugin device by virtual method
00000000000i[IOAP ] initializing I/O APIC
00000000000i[MEM0 ] Register memory access handlers: 0x0000fec00000 - 0x0000fec00fff
00000000000i[IOAP ] IOAPIC enabled (base address = 0xfec00000)
00000000000i[     ] init_dev of 'keyboard' plugin device by virtual method
00000000000i[KBD  ] will paste characters every 400 keyboard ticks
00000000000i[     ] init_dev of 'harddrv' plugin device by virtual method
00000000000i[HD   ] HD on ata0-0: 'boot.img', 'flat' mode
00000000000i[IMG  ] hd_size: 31457280
00000000000i[HD   ] ata0-0: using specified geometry: CHS=58/16/63
00000000000i[HD   ] ata0-0: extra data outside of CHS address range
00000000000i[HD   ] translation on ata0-0 set to 'none'
00000000000i[HD   ] Using boot sequence disk, none, none
00000000000i[HD   ] Floppy boot signature check is enabled
00000000000i[     ] init_dev of 'pci_ide' plugin device by virtual method
00000000000i[DEV  ] PIIX3 PCI IDE controller present at device 1, function 1
00000000000i[     ] init_dev of 'unmapped' plugin device by virtual method
00000000000i[     ] init_dev of 'biosdev' plugin device by virtual method
00000000000i[     ] init_dev of 'speaker' plugin device by virtual method
00000000000i[     ] init_dev of 'extfpuirq' plugin device by virtual method
00000000000i[     ] init_dev of 'parallel' plugin device by virtual method
00000000000i[PAR  ] parallel port 1 at 0x0378 irq 7
00000000000i[     ] init_dev of 'serial' plugin device by virtual method
00000000000i[SER  ] com1 at 0x03f8 irq 4
00000000000i[     ] init_dev of 'iodebug' plugin device by virtual method
00000000000i[     ] register state of 'pci' plugin device by virtual method
00000000000i[     ] register state of 'pci2isa' plugin device by virtual method
00000000000i[     ] register state of 'cmos' plugin device by virtual method
00000000000i[     ] register state of 'dma' plugin device by virtual method
00000000000i[     ] register state of 'pic' plugin device by virtual method
00000000000i[     ] register state of 'pit' plugin device by virtual method
00000000000i[     ] register state of 'floppy' plugin device by virtual method
00000000000i[     ] register state of 'vga' plugin device by virtual method
00000000000i[     ] register state of 'unmapped' plugin device by virtual method
00000000000i[     ] register state of 'biosdev' plugin device by virtual method
00000000000i[     ] register state of 'speaker' plugin device by virtual method
00000000000i[     ] register state of 'extfpuirq' plugin device by virtual method
00000000000i[     ] register state of 'parallel' plugin device by virtual method
00000000000i[     ] register state of 'serial' plugin device by virtual method
00000000000i[     ] register state of 'iodebug' plugin device by virtual method
00000000000i[     ] register state of 'acpi' plugin device by virtual method
00000000000i[     ] register state of 'ioapic' plugin device by virtual method
00000000000i[     ] register state of 'keyboard' plugin device by virtual method
00000000000i[     ] register state of 'harddrv' plugin device by virtual method
00000000000i[     ] register state of 'pci_ide' plugin device by virtual method
00000000000i[SYS  ] bx_pc_system_c::Reset(HARDWARE) called
00000000000i[CPU0 ] cpu hardware reset
00000000000i[APIC0] allocate APIC id=0 (MMIO enabled) to 0x0000fee00000
00000000000i[CPU0 ] CPUID[0x00000000]: 00000005 756e6547 6c65746e 49656e69
00000000000i[CPU0 ] CPUID[0x00000001]: 00000633 00010800 00000008 1fcbfbff
00000000000i[CPU0 ] CPUID[0x00000002]: 00410601 00000000 00000000 00000000
00000000000i[CPU0 ] CPUID[0x00000003]: 00000000 00000000 00000000 00000000
00000000000i[CPU0 ] CPUID[0x00000004]: 00000000 00000000 00000000 00000000
00000000000i[CPU0 ] CPUID[0x00000005]: 00000040 00000040 00000003 00000020
00000000000i[CPU0 ] CPUID[0x80000000]: 80000008 00000000 00000000 00000000
00000000000i[CPU0 ] CPUID[0x80000001]: 00000000 00000000 00000000 00000000
00000000000i[CPU0 ] CPUID[0x80000002]: 20202020 20202020 20202020 6e492020
00000000000i[CPU0 ] CPUID[0x80000003]: 286c6574 50202952 69746e65 52286d75
00000000000i[CPU0 ] CPUID[0x80000004]: 20342029 20555043 20202020 00202020
00000000000i[CPU0 ] CPUID[0x80000005]: 01ff01ff 01ff01ff 40020140 40020140
00000000000i[CPU0 ] CPUID[0x80000006]: 00000000 42004200 02008140 00000000
00000000000i[CPU0 ] CPUID[0x80000007]: 00000000 00000000 00000000 00000000
00000000000i[CPU0 ] CPUID[0x80000008]: 00002028 00000000 00000000 00000000
00000000000i[     ] reset of 'pci' plugin device by virtual method
00000000000i[     ] reset of 'pci2isa' plugin device by virtual method
00000000000i[     ] reset of 'cmos' plugin device by virtual method
00000000000i[     ] reset of 'dma' plugin device by virtual method
00000000000i[     ] reset of 'pic' plugin device by virtual method
00000000000i[     ] reset of 'pit' plugin device by virtual method
00000000000i[     ] reset of 'floppy' plugin device by virtual method
00000000000i[     ] reset of 'vga' plugin device by virtual method
00000000000i[     ] reset of 'acpi' plugin device by virtual method
00000000000i[     ] reset of 'ioapic' plugin device by virtual method
00000000000i[     ] reset of 'keyboard' plugin device by virtual method
00000000000i[     ] reset of 'harddrv' plugin device by virtual method
00000000000i[     ] reset of 'pci_ide' plugin device by virtual method
00000000000i[     ] reset of 'unmapped' plugin device by virtual method
00000000000i[     ] reset of 'biosdev' plugin device by virtual method
00000000000i[     ] reset of 'speaker' plugin device by virtual method
00000000000e[SPEAK] Failed to open /dev/console: Permission denied
00000000000e[SPEAK] Deactivating beep on console
00000000000i[     ] reset of 'extfpuirq' plugin device by virtual method
00000000000i[     ] reset of 'parallel' plugin device by virtual method
00000000000i[     ] reset of 'serial' plugin device by virtual method
00000000000i[     ] reset of 'iodebug' plugin device by virtual method
00000000000i[XGUI ] Mouse capture off
00000000000i[     ] set SIGINT handler to bx_debug_ctrlc_handler
00000000000i[XGUI ] Mouse capture off
00000000000i[XGUI ] Mouse capture off
00000000000i[     ] Ctrl-C detected in signal handler.
00000000025i[MEM0 ] allocate_block: block=0x0 used 0x1 of 0x200
00000004661i[BIOS ] $Revision: 11545 $ $Date: 2012-11-11 09:11:17 +0100 (So, 11. Nov 2012) $
00000328074i[KBD  ] reset-disable command received
00000330808i[BIOS ] Starting rombios32
00000331242i[BIOS ] Shutdown flag 0
00000331844i[BIOS ] ram_size=0x20000000
00000332288i[BIOS ] ram_end=512MB
00000372787i[BIOS ] Found 1 cpu(s)
00000386974i[BIOS ] bios_table_addr: 0x000fa448 end=0x000fcc00
00000714771i[PCI  ] i440FX PMC write to PAM register 59 (TLB Flush)
00001042698i[P2I  ] PCI IRQ routing: PIRQA# set to 0x0b
00001042717i[P2I  ] PCI IRQ routing: PIRQB# set to 0x09
00001042736i[P2I  ] PCI IRQ routing: PIRQC# set to 0x0b
00001042755i[P2I  ] PCI IRQ routing: PIRQD# set to 0x09
00001042765i[P2I  ] write: ELCR2 = 0x0a
00001043531i[BIOS ] PIIX3/PIIX4 init: elcr=00 0a
00001051204i[BIOS ] PCI: bus=0 devfn=0x00: vendor_id=0x8086 device_id=0x1237 class=0x0600
00001053474i[BIOS ] PCI: bus=0 devfn=0x08: vendor_id=0x8086 device_id=0x7000 class=0x0601
00001055583i[BIOS ] PCI: bus=0 devfn=0x09: vendor_id=0x8086 device_id=0x7010 class=0x0101
00001055812i[PIDE ] new BM-DMA address: 0xc000
00001056429i[BIOS ] region 4: 0x0000c000
00001058454i[BIOS ] PCI: bus=0 devfn=0x0b: vendor_id=0x8086 device_id=0x7113 class=0x0680
00001058687i[ACPI ] new irq line = 11
00001058699i[ACPI ] new irq line = 9
00001058728i[ACPI ] new PM base address: 0xb000
00001058742i[ACPI ] new SM base address: 0xb100
00001058770i[PCI  ] setting SMRAM control register to 0x4a
00001222861i[CPU0 ] Enter to System Management Mode
00001222872i[CPU0 ] RSM: Resuming from System Management Mode
00001386890i[PCI  ] setting SMRAM control register to 0x0a
00001401783i[BIOS ] MP table addr=0x000fa520 MPC table addr=0x000fa450 size=0xc8
00001403539i[BIOS ] SMBIOS table addr=0x000fa530
00001403597i[MEM0 ] allocate_block: block=0x1ff used 0x2 of 0x200
00001405741i[BIOS ] ACPI tables: RSDP addr=0x000fa650 ACPI DATA addr=0x1fff0000 size=0xf72
00001408961i[BIOS ] Firmware waking vector 0x1fff00cc
00001410759i[PCI  ] i440FX PMC write to PAM register 59 (TLB Flush)
00001411487i[BIOS ] bios_table_cur_addr: 0x000fa674
00001539104i[VBIOS] VGABios $Id: vgabios.c,v 1.75 2011/10/15 14:07:21 vruppert Exp $
00001539175i[BXVGA] VBE known Display Interface b0c0
00001539207i[BXVGA] VBE known Display Interface b0c5
00001542132i[VBIOS] VBE Bios $Id: vbe.c,v 1.64 2011/07/19 18:25:05 vruppert Exp $
00001600003i[XGUI ] charmap update. Font Height is 16
00001881592i[BIOS ] ata0-0: PCHS=58/16/63 translation=none LCHS=58/16/63
00002400003i[XGUI ] charmap update. Font Height is 16
00005758798i[BIOS ] IDE time out
00017824346i[BIOS ] Booting from 0000:7c00
00018037389i[MEM0 ] allocate_block: block=0x1 used 0x3 of 0x200
00018329145i[MEM0 ] allocate_block: block=0x2 used 0x4 of 0x200
00233592365i[CPU0 ] [233592365] Caught time breakpoint
00233592365i[XGUI ] Mouse capture off
00233592365i[XGUI ] Mouse capture off
00233592365i[XGUI ] Mouse capture off
00233592365i[XGUI ] Mouse capture off
00233592365e[CPU0 ] write_virtual_checks(): write beyond limit, r/w
00233592366i[XGUI ] Mouse capture off
00233592367i[XGUI ] Mouse capture off
00233592368i[XGUI ] Mouse capture off
00233592369i[XGUI ] Mouse capture off
00233592370i[XGUI ] Mouse capture off
00233592371i[XGUI ] Mouse capture off
00233592372i[XGUI ] Mouse capture off
00233592373i[XGUI ] Mouse capture off
00233592374i[XGUI ] Mouse capture off
00233592375i[XGUI ] Mouse capture off
00233592376i[XGUI ] Mouse capture off
00233592377i[XGUI ] Mouse capture off
00233592378i[XGUI ] Mouse capture off
00233592379i[XGUI ] Mouse capture off
00233592380i[XGUI ] Mouse capture off
00233592381i[XGUI ] Mouse capture off
00233592384i[XGUI ] Mouse capture off
00233592385i[XGUI ] Mouse capture off
00233592386i[XGUI ] Mouse capture off
00233592387i[XGUI ] Mouse capture off
00233592388i[XGUI ] Mouse capture off
00233592389i[XGUI ] Mouse capture off
00233592390i[XGUI ] Mouse capture off
00233592391i[XGUI ] Mouse capture off
00233592392i[XGUI ] Mouse capture off
00233592393i[XGUI ] Mouse capture off
00233592416i[XGUI ] Mouse capture off
00233592417i[XGUI ] Mouse capture off
00233592418i[XGUI ] Mouse capture off
00233592419i[XGUI ] Mouse capture off
00233592420i[XGUI ] Mouse capture off
00233595186i[XGUI ] Mouse capture off
00233595187i[XGUI ] Mouse capture off
00233595188i[XGUI ] Mouse capture off
00233595189i[XGUI ] Mouse capture off
00233595190i[XGUI ] Mouse capture off
00233595191i[XGUI ] Mouse capture off
00233596324i[XGUI ] Mouse capture off
00233596325i[XGUI ] Mouse capture off
00233596326i[XGUI ] Mouse capture off
00233596327i[XGUI ] Mouse capture off
00233596328i[XGUI ] Mouse capture off
00233597002i[XGUI ] Mouse capture off
00233597003i[XGUI ] Mouse capture off
00233597004i[XGUI ] Mouse capture off
00233597005i[XGUI ] Mouse capture off
00233597050i[XGUI ] Mouse capture off
00233597051i[XGUI ] Mouse capture off
00233597052i[XGUI ] Mouse capture off
00233597053i[XGUI ] Mouse capture off
00233597054i[XGUI ] Mouse capture off
00233597055i[XGUI ] Mouse capture off
00233597056i[XGUI ] Mouse capture off
00233599822i[XGUI ] Mouse capture off
00233599823i[XGUI ] Mouse capture off
00233599824i[XGUI ] Mouse capture off
00233599825i[XGUI ] Mouse capture off
00233599826i[XGUI ] Mouse capture off
00233599827i[XGUI ] Mouse capture off
00233599828i[XGUI ] Mouse capture off
00233599829i[XGUI ] Mouse capture off
00233599830i[XGUI ] Mouse capture off
00233599831i[XGUI ] Mouse capture off
00233599832i[XGUI ] Mouse capture off
00233599833i[XGUI ] Mouse capture off
00233599834i[XGUI ] Mouse capture off
00233599835i[XGUI ] Mouse capture off
00233599836i[XGUI ] Mouse capture off
00233599837i[XGUI ] Mouse capture off
00233599838i[XGUI ] Mouse capture off
00233599839i[XGUI ] Mouse capture off
00233599840i[XGUI ] Mouse capture off
00233599841i[XGUI ] Mouse capture off
00233599842i[XGUI ] Mouse capture off
00233599843i[XGUI ] Mouse capture off
00233599844i[XGUI ] Mouse capture off
00233599844i[     ] dbg: Quit
00233599844i[CPU0 ] CPU is in protected mode (active)
00233599844i[CPU0 ] CS.mode = 32 bit
00233599844i[CPU0 ] SS.mode = 32 bit
00233599844i[CPU0 ] EFER   = 0x00000000
00233599844i[CPU0 ] | EAX=c0004154  EBX=c0005000  ECX=00000020  EDX=c00003d5
00233599844i[CPU0 ] | ESP=c0101d7c  EBP=c0101da4  ESI=00000000  EDI=00000000
00233599844i[CPU0 ] | IOPL=0 id vip vif ac vm rf nt of df if tf SF zf af pf cf
00233599844i[CPU0 ] | SEG sltr(index|ti|rpl)     base    limit G D
00233599844i[CPU0 ] |  CS:0008( 0001| 0|  0) 00000000 ffffffff 1 1
00233599844i[CPU0 ] |  DS:0010( 0002| 0|  0) 00000000 ffffffff 1 1
00233599844i[CPU0 ] |  SS:0010( 0002| 0|  0) 00000000 ffffffff 1 1
00233599844i[CPU0 ] |  ES:0010( 0002| 0|  0) 00000000 ffffffff 1 1
00233599844i[CPU0 ] |  FS:0000( 0000| 0|  0) 00000000 00000000 0 0
00233599844i[CPU0 ] |  GS:0018( 0003| 0|  0) c00b8000 00007fff 1 1
00233599844i[CPU0 ] | EIP=c00016f3 (c00016f3)
00233599844i[CPU0 ] | CR0=0xe0000011 CR2=0x00000000
00233599844i[CPU0 ] | CR3=0x00100000 CR4=0x00000000
00233599844i[CMOS ] Last time is 1706193754 (Thu Jan 25 22:42:34 2024)
00233599844i[XGUI ] Exit
00233599844i[CTRL ] quit_sim called with exit code 0
